\BOOKMARK [1][-]{section.1}{\376\377\126\333\174\173\144\315\117\134\117\177\165\050\166\204\126\376\173\227\154\325\213\364\146\016}{}% 1
\BOOKMARK [2][-]{subsection.1.1}{\376\377\144\315\117\134\116\000\377\032\116\044\160\271\225\364\147\000\167\355\215\357\137\204}{section.1}% 2
\BOOKMARK [2][-]{subsection.1.2}{\376\377\144\315\117\134\116\214\377\032\116\316\123\125\160\271\121\372\123\321\122\060\217\276\121\166\116\326\136\227\166\204\147\000\167\355\215\357\137\204}{section.1}% 3
\BOOKMARK [2][-]{subsection.1.3}{\376\377\144\315\117\134\116\011\377\032\147\000\117\163\127\060\224\301\215\357\176\277}{section.1}% 4
\BOOKMARK [2][-]{subsection.1.4}{\376\377\144\315\117\134\126\333\377\032\116\316\123\125\160\271\121\372\123\321\166\204\147\000\117\163\121\154\116\244\215\357\176\277}{section.1}% 5
\BOOKMARK [1][-]{section.2}{\376\377\133\374\202\052\174\373\176\337\117\177\165\050\213\364\146\016}{}% 6
\BOOKMARK [2][-]{subsection.2.1}{\376\377\174\373\176\337\124\057\122\250}{section.2}% 7
\BOOKMARK [2][-]{subsection.2.2}{\376\377\144\315\117\134\116\000}{section.2}% 8
\BOOKMARK [2][-]{subsection.2.3}{\376\377\144\315\117\134\116\214}{section.2}% 9
\BOOKMARK [2][-]{subsection.2.4}{\376\377\144\315\117\134\116\011}{section.2}% 10
\BOOKMARK [2][-]{subsection.2.5}{\376\377\144\315\117\134\126\333}{section.2}% 11
\BOOKMARK [1][-]{section.3}{\376\377\173\227\154\325\131\015\147\102\136\246\122\006\147\220}{}% 12
\BOOKMARK [2][-]{subsection.3.1}{\376\377\144\315\117\134\116\000\124\214\144\315\117\134\116\214\166\204\173\227\154\325\131\015\147\102\136\246\122\006\147\220}{section.3}% 13
\BOOKMARK [3][-]{subsubsection.3.1.1}{\376\377\000F\000l\000o\000y\000d\000-\000W\000a\000r\000s\000h\000a\000l\000l\173\227\154\325\131\015\147\102\136\246\122\006\147\220}{subsection.3.1}% 14
\BOOKMARK [3][-]{subsubsection.3.1.2}{\376\377\000J\000o\000h\000n\000s\000o\000n\173\227\154\325\131\015\147\102\136\246\122\006\147\220}{subsection.3.1}% 15
\BOOKMARK [2][-]{subsection.3.2}{\376\377\144\315\117\134\116\011\166\204\173\227\154\325\131\015\147\102\136\246\122\006\147\220}{section.3}% 16
\BOOKMARK [3][-]{subsubsection.3.2.1}{\376\377\000K\000r\000u\000s\000t\000a\000l\173\227\154\325\131\015\147\102\136\246\122\006\147\220}{subsection.3.2}% 17
\BOOKMARK [3][-]{subsubsection.3.2.2}{\376\377\000P\000r\000i\000m\173\227\154\325\131\015\147\102\136\246\122\006\147\220}{subsection.3.2}% 18
\BOOKMARK [2][-]{subsection.3.3}{\376\377\144\315\117\134\126\333\173\227\154\325\131\015\147\102\136\246\122\006\147\220}{section.3}% 19
\BOOKMARK [1][-]{section.4}{\376\377\000B\000o\000n\000u\000s\137\227\122\006\160\271\154\107\140\073}{}% 20
